Hashed nr -> 192
Hashed mtlqr -> 192
Hashed tc -> 135
Hashed nrz -> 218
Hashed gjszks -> 140
Hashed nzxf -> 134
Hashed gpj -> 49
Hashed hqr -> 11
Hashed mslsj -> 57
Hashed nhgx -> 21
Hashed dqs -> 88
Hashed kms -> 43
Hashed sv -> 169
Hashed fhm -> 43
Hashed nzn -> 22
Hashed jrk -> 23
Hashed kjsc -> 219
Hashed hsl -> 231
Hashed bv -> 120
Hashed xr -> 10
Hashed kvn -> 255
Hashed ppc -> 115
Hashed htd -> 128
Hashed hdx -> 196
Hashed vq -> 183
Hashed pntp -> 226
Hashed tq -> 117
Hashed zt -> 110
Hashed tp -> 100
Hashed grk -> 132
Hashed csc -> 89
Hashed tvknh -> 59
Hashed sh -> 187
Hashed ktk -> 138
Hashed xpzb -> 36
Hashed tnn -> 176
Hashed mml -> 22
Hashed gj -> 81
Hashed sgjq -> 21
Hashed hsnr -> 43
Hashed vhc -> 145
Hashed pnfzx -> 150
Hashed ppc -> 115
Hashed ghzhqn -> 176
Hashed trdkj -> 159
Hashed vj -> 64
Hashed nj -> 56
Hashed bgt -> 189
Hashed gf -> 13
Hashed nhfrm -> 171
Hashed gfbjd -> 141
Hashed mmf -> 176
Hashed fh -> 14
Hashed mdb -> 67
Hashed thd -> 64
Hashed bfhkp -> 11
Hashed dqpn -> 195
Hashed jhs -> 85
Hashed ct -> 119
Hashed nmms -> 123
Hashed xcm -> 248
Hashed cvs -> 204
Hashed bs -> 69
Hashed ccl -> 226
Hashed bxfqv -> 103
Hashed fpf -> 188
Hashed bckgx -> 223
Hashed vl -> 98
Hashed vsg -> 64
Hashed xr -> 10
Hashed ncd -> 117
Hashed zjst -> 203
Hashed qnb -> 81
Hashed tt -> 168
Hashed mmrh -> 36
Hashed qq -> 18
Hashed slm -> 44
Hashed jvj -> 138
Hashed hdhfph -> 82
Hashed qft -> 123
Hashed vsm -> 166
Hashed dqpn -> 195
Hashed mp -> 125
Hashed mg -> 228
Hashed glb -> 37
Hashed nmrllp -> 37
Hashed gb -> 201
Hashed hrn -> 232
Hashed rp -> 34
Hashed xbx -> 146
Hashed bmh -> 183
Hashed zdg -> 21
Hashed cc -> 86
Hashed qk -> 172
Hashed mfr -> 149
Hashed cd -> 103
Hashed dfb -> 204
Hashed cmlj -> 246
Hashed pcg -> 10
Hashed xjx -> 154
Hashed tfs -> 253
Hashed bs -> 69
Hashed djqd -> 227
Hashed xn -> 198
Hashed crc -> 56
Hashed zg -> 145
Hashed hrq -> 27
Hashed mv -> 227
Hashed bv -> 120
Hashed smx -> 8
Hashed jj -> 180
Hashed lk -> 7
Hashed vj -> 64
Hashed lc -> 127
Hashed sgjq -> 21
Hashed mp -> 125
Hashed mslsj -> 57
Hashed qz -> 171
Hashed qhnm -> 4
Hashed bph -> 26
Hashed bzl -> 168
Hashed zjst -> 203
Hashed gct -> 46
Hashed vxf -> 212
Hashed gd -> 235
Hashed cbmn -> 64
Hashed thd -> 64
Hashed bj -> 172
Hashed lfhbbg -> 213
Hashed tt -> 168
Hashed fpqr -> 121
Hashed hl -> 148
Hashed ds -> 135
Hashed zk -> 213
Hashed zm -> 247
Hashed hb -> 234
Hashed zck -> 56
Hashed lm -> 41
Hashed lk -> 7
Hashed vsg -> 64
Hashed bxpp -> 186
Hashed xf -> 62
Hashed cn -> 17
Hashed mml -> 22
Hashed frt -> 236
Hashed glp -> 19
Hashed xxhf -> 158
Hashed rhv -> 16
Hashed dggn -> 176
Hashed lk -> 7
Hashed zdgxv -> 3
Hashed tcnz -> 175
Hashed kskrf -> 1
Hashed jrk -> 23
Hashed xbx -> 146
Hashed ld -> 144
Hashed tc -> 135
Hashed bfhkp -> 11
Hashed ffz -> 198
Hashed xrgx -> 137
Hashed nqxbjr -> 229
Hashed cf -> 137
Hashed tnn -> 176
Hashed vsk -> 132
Hashed pp -> 224
Hashed gqj -> 82
Hashed gvx -> 229
Hashed lpc -> 175
Hashed fhnh -> 228
Hashed zs -> 93
Hashed mfg -> 218
Hashed gznpjd -> 77
Hashed jbb -> 110
Hashed pfdd -> 126
Hashed cjg -> 116
Hashed br -> 52
Hashed qt -> 69
Hashed sv -> 169
Hashed nkpn -> 39
Hashed dmc -> 196
Hashed xppjl -> 174
Hashed pfdd -> 126
Hashed mcx -> 152
Hashed mks -> 75
Hashed kzr -> 199
Hashed mfr -> 149
Hashed zz -> 212
Hashed nff -> 250
Hashed mj -> 23
Hashed qq -> 18
Hashed ssgqz -> 248
Hashed bgt -> 189
Hashed nhfrm -> 171
Hashed nl -> 90
Hashed zpg -> 161
Hashed tcnz -> 175
Hashed sm -> 16
Hashed ppc -> 115
Hashed jnqn -> 215
Hashed sv -> 169
Hashed lpj -> 38
Hashed svd -> 221
Hashed ghzhqn -> 176
Hashed xppjl -> 174
Hashed nxhk -> 105
Hashed trdkj -> 159
Hashed pmd -> 33
Hashed xppjl -> 174
Hashed txfc -> 37
Hashed zdgxv -> 3
Hashed ccxhn -> 36
Hashed zhqz -> 141
Hashed glb -> 37
Hashed nhgx -> 21
Hashed gb -> 201
Hashed kll -> 147
Hashed tb -> 118
Hashed bph -> 26
Hashed psn -> 145
Hashed ldbtl -> 114
Hashed mdb -> 67
Hashed bfhkp -> 11
Hashed xpkrr -> 39
Hashed cfj -> 35
Hashed dqpn -> 195
Hashed pcg -> 10
Hashed vhfqbc -> 90
Hashed nlhcz -> 255
Hashed ql -> 189
Hashed lfhbbg -> 213
Hashed gqj -> 82
Hashed hv -> 62
Hashed nnfx -> 26
Hashed nlg -> 209
Hashed qfk -> 226
Hashed xg -> 79
Hashed vh -> 30
Hashed xmdx -> 49
Hashed fv -> 252
Hashed xrjj -> 254
Hashed gnfs -> 254
Hashed bp -> 18
Hashed ssrq -> 105
Hashed ng -> 5
Hashed lqbx -> 167
Hashed cxk -> 134
Hashed hgm -> 108
Hashed mvcqks -> 213
Hashed ds -> 135
Hashed nxhk -> 105
Hashed qk -> 172
Hashed qhv -> 223
Hashed sgjq -> 21
Hashed lrkpd -> 173
Hashed vhfqbc -> 90
Hashed qjfv -> 247
Hashed crx -> 157
Hashed tc -> 135
Hashed tbgk -> 152
Hashed hpb -> 218
Hashed mqm -> 171
Hashed vsk -> 132
Hashed sm -> 16
Hashed rcs -> 56
Hashed bg -> 121
Hashed zfvh -> 158
Hashed hxjn -> 88
Hashed xn -> 198
Hashed gqj -> 82
Hashed cxn -> 185
Hashed cjg -> 116
Hashed hpp -> 200
Hashed kjh -> 13
Hashed fptg -> 33
Hashed rn -> 0
Hashed dz -> 254
Hashed qp -> 1
Hashed vtbh -> 180
Hashed dgg -> 66
Hashed fhnh -> 228
Hashed mg -> 228
Hashed zpg -> 161
Hashed hsnr -> 43
Hashed pxc -> 123
Hashed gqj -> 82
Hashed zzr -> 166
Hashed nhgx -> 21
Hashed hl -> 148
Hashed bgf -> 207
Hashed jhs -> 85
Hashed hrq -> 27
Hashed phm -> 21
Hashed bxfqv -> 103
Hashed xl -> 164
Hashed bmh -> 183
Hashed hgm -> 108
Hashed vpv -> 220
Hashed bph -> 26
Hashed bp -> 18
Hashed nhx -> 110
Hashed ddzdhp -> 126
Hashed phm -> 21
Hashed txfc -> 37
Hashed rbdf -> 94
Hashed ds -> 135
Hashed tnn -> 176
Hashed sd -> 119
Hashed tj -> 254
Hashed ptgkh -> 78
Hashed pp -> 224
Hashed sk -> 238
Hashed tsml -> 176
Hashed crx -> 157
Hashed pntp -> 226
Hashed gbs -> 252
Hashed ssgqz -> 248
Hashed lt -> 160
Hashed rr -> 68
Hashed pxc -> 123
Hashed nnq -> 189
Hashed jv -> 128
Hashed nhlx -> 186
Hashed mnsrc -> 179
Hashed skpfx -> 28
Hashed vcf -> 31
Hashed sk -> 238
Hashed mslsj -> 57
Hashed xsx -> 195
Hashed mc -> 160
Hashed cnk -> 60
Hashed mr -> 159
Hashed ktk -> 138
Hashed ncd -> 117
Hashed svjjzx -> 207
Hashed jnx -> 112
Hashed rpff -> 78
Hashed rzc -> 31
Hashed dqs -> 88
Hashed csc -> 89
Hashed zd -> 94
Hashed fv -> 252
Hashed cvs -> 204
Hashed cd -> 103
Hashed fkvjj -> 187
Hashed xn -> 198
Hashed qq -> 18
Hashed hj -> 114
Hashed pxc -> 123
Hashed tj -> 254
Hashed svd -> 221
Hashed vl -> 98
Hashed cnk -> 60
Hashed lt -> 160
Hashed lxqm -> 50
Hashed zck -> 56
Hashed xg -> 79
Hashed jbb -> 110
Hashed qnb -> 81
Hashed tgsfpd -> 88
Hashed grk -> 132
Hashed gbzxc -> 222
Hashed fv -> 252
Hashed dtbm -> 119
Hashed lrkpd -> 173
Hashed hr -> 250
Hashed vxmgnj -> 74
Hashed vbtn -> 250
Hashed vcf -> 31
Hashed lbb -> 208
Hashed jz -> 196
Hashed hrq -> 27
Hashed ncd -> 117
Hashed qb -> 19
Hashed vl -> 98
Hashed zp -> 42
Hashed xsx -> 195
Hashed tvknh -> 59
Hashed kskrf -> 1
Hashed hsl -> 231
Hashed rjx -> 116
Hashed fkvjj -> 187
Hashed lpc -> 175
Hashed xbx -> 146
Hashed skvv -> 186
Hashed zpg -> 161
Hashed nz -> 72
Hashed htd -> 128
Hashed xzl -> 222
Hashed jv -> 128
Hashed qgq -> 105
Hashed cmkz -> 229
Hashed xzgth -> 133
Hashed xpc -> 251
Hashed lc -> 127
Hashed xpkrr -> 39
Hashed vsj -> 115
Hashed skpfx -> 28
Hashed dv -> 186
Hashed qft -> 123
Hashed fcp -> 185
Hashed lmhl -> 221
Hashed kb -> 77
Hashed rzc -> 31
Hashed vhfqbc -> 90
Hashed ccxhn -> 36
Hashed fd -> 202
Hashed dqdf -> 175
Hashed pxvg -> 117
Hashed hzcg -> 92
Hashed kzr -> 199
Hashed zjst -> 203
Hashed jp -> 26
Hashed zd -> 94
Hashed hrn -> 232
Hashed xh -> 96
Hashed cvkb -> 6
Hashed dggn -> 176
Hashed qhnm -> 4
Hashed kclf -> 208
Hashed mhs -> 232
Hashed hpp -> 200
Hashed qtjk -> 170
Hashed djqd -> 227
Hashed fvb -> 62
Hashed lfdqt -> 123
Hashed krsck -> 174
Hashed ghzhqn -> 176
Hashed xr -> 10
Hashed ld -> 144
Hashed pqxvth -> 27
Hashed bxpp -> 186
Hashed tgsfpd -> 88
Hashed dpq -> 21
Hashed hxhgfm -> 226
Hashed lm -> 41
Hashed ghgtpm -> 247
Hashed st -> 135
Hashed nzn -> 22
Hashed vsg -> 64
Hashed hf -> 46
Hashed vsk -> 132
Hashed nnfx -> 26
Hashed qd -> 53
Hashed fv -> 252
Hashed vpv -> 220
Hashed fd -> 202
Hashed dqpn -> 195
Hashed bgf -> 207
Hashed fszljz -> 115
Hashed zn -> 8
Hashed xc -> 11
Hashed rnm -> 61
Hashed ghzhqn -> 176
Hashed hf -> 46
Hashed zq -> 59
Hashed ccxhn -> 36
Hashed fhm -> 43
Hashed zcsm -> 253
Hashed lxqm -> 50
Hashed qfk -> 226
Hashed qzknxr -> 174
Hashed gq -> 200
Hashed jgpbjl -> 201
Hashed pfdd -> 126
Hashed rpff -> 78
Hashed tj -> 254
Hashed xpkrr -> 39
Hashed xd -> 28
Hashed cc -> 86
Hashed dpq -> 21
Hashed kjsc -> 219
Hashed rzc -> 31
Hashed cvs -> 204
Hashed psn -> 145
Hashed pnfzx -> 150
Hashed rpff -> 78
Hashed rxgqm -> 15
Hashed nrz -> 218
Hashed zck -> 56
Hashed xmdx -> 49
Hashed jfs -> 19
Hashed rzc -> 31
Hashed tp -> 100
Hashed hsnr -> 43
Hashed mk -> 40
Hashed fxbj -> 138
Hashed vqb -> 169
Hashed ng -> 5
Hashed vqb -> 169
Hashed npph -> 182
Hashed gvx -> 229
Hashed dgg -> 66
Hashed mm -> 74
Hashed zq -> 59
Hashed skpfx -> 28
Hashed gl -> 115
Hashed qp -> 1
Hashed st -> 135
Hashed knc -> 60
Hashed gpj -> 49
Hashed ghzhqn -> 176
Hashed vcb -> 219
Hashed mdb -> 67
Hashed sj -> 221
Hashed dqs -> 88
Hashed ztg -> 37
Hashed ccxhn -> 36

Hash Table
-------------------
Index:0, Key:rn, Value:6
Index:3, Key:zdgxv, Value:1
Index:5, Key:ng, Value:8
Index:7, Key:lk, Value:4
Index:8, Key:smx, Value:8
Index:8, Key:zn, Value:1, Bucket:0
Index:10, Key:xr, Value:8
Index:11, Key:hqr, Value:8
Index:13, Key:kjh, Value:2
Index:14, Key:fh, Value:9
Index:15, Key:rxgqm, Value:7
Index:16, Key:rhv, Value:7
Index:16, Key:sm, Value:1, Bucket:0
Index:17, Key:cn, Value:2
Index:21, Key:nhgx, Value:1
Index:21, Key:dpq, Value:3, Bucket:0
Index:22, Key:mml, Value:9
Index:26, Key:nnfx, Value:5
Index:26, Key:bph, Value:2, Bucket:0
Index:26, Key:jp, Value:7, Bucket:1
Index:27, Key:hrq, Value:7
Index:27, Key:pqxvth, Value:5, Bucket:0
Index:28, Key:skpfx, Value:1
Index:30, Key:vh, Value:9
Index:31, Key:vcf, Value:9
Index:31, Key:rzc, Value:9, Bucket:0
Index:33, Key:pmd, Value:1
Index:34, Key:rp, Value:6
Index:36, Key:xpzb, Value:1
Index:36, Key:mmrh, Value:6, Bucket:0
Index:36, Key:ccxhn, Value:4, Bucket:1
Index:37, Key:txfc, Value:1
Index:37, Key:ztg, Value:6, Bucket:0
Index:39, Key:nkpn, Value:4
Index:39, Key:xpkrr, Value:4, Bucket:0
Index:40, Key:mk, Value:1
Index:43, Key:fhm, Value:9
Index:44, Key:slm, Value:9
Index:46, Key:hf, Value:3
Index:49, Key:xmdx, Value:1
Index:50, Key:lxqm, Value:3
Index:56, Key:nj, Value:2
Index:56, Key:zck, Value:5, Bucket:0
Index:57, Key:mslsj, Value:3
Index:59, Key:zq, Value:1
Index:60, Key:cnk, Value:4
Index:60, Key:knc, Value:7, Bucket:0
Index:62, Key:hv, Value:3
Index:62, Key:fvb, Value:6, Bucket:0
Index:64, Key:cbmn, Value:4
Index:68, Key:rr, Value:9
Index:69, Key:qt, Value:9
Index:72, Key:nz, Value:7
Index:77, Key:gznpjd, Value:1
Index:78, Key:ptgkh, Value:2
Index:78, Key:rpff, Value:4, Bucket:0
Index:79, Key:xg, Value:1
Index:81, Key:qnb, Value:9
Index:82, Key:hdhfph, Value:7
Index:82, Key:gqj, Value:9, Bucket:0
Index:85, Key:jhs, Value:8
Index:89, Key:csc, Value:4
Index:90, Key:nl, Value:5
Index:90, Key:vhfqbc, Value:5, Bucket:0
Index:92, Key:hzcg, Value:1
Index:96, Key:xh, Value:3
Index:103, Key:cd, Value:1
Index:103, Key:bxfqv, Value:6, Bucket:0
Index:105, Key:nxhk, Value:7
Index:105, Key:qgq, Value:3, Bucket:0
Index:110, Key:nhx, Value:6
Index:110, Key:jbb, Value:4, Bucket:0
Index:112, Key:jnx, Value:9
Index:114, Key:ldbtl, Value:5
Index:114, Key:hj, Value:7, Bucket:0
Index:115, Key:ppc, Value:8
Index:115, Key:vsj, Value:1, Bucket:0
Index:115, Key:fszljz, Value:4, Bucket:1
Index:116, Key:rjx, Value:1
Index:117, Key:tq, Value:2
Index:118, Key:tb, Value:9
Index:119, Key:ct, Value:4
Index:119, Key:sd, Value:1, Bucket:0
Index:125, Key:mp, Value:1
Index:132, Key:grk, Value:8
Index:134, Key:cxk, Value:1
Index:135, Key:tc, Value:5
Index:135, Key:st, Value:1, Bucket:0
Index:137, Key:xrgx, Value:9
Index:137, Key:cf, Value:3, Bucket:0
Index:138, Key:ktk, Value:7
Index:138, Key:jvj, Value:9, Bucket:0
Index:138, Key:fxbj, Value:8, Bucket:1
Index:144, Key:ld, Value:1
Index:145, Key:zg, Value:4
Index:145, Key:psn, Value:6, Bucket:0
Index:147, Key:kll, Value:6
Index:148, Key:hl, Value:8
Index:149, Key:mfr, Value:4
Index:154, Key:xjx, Value:8
Index:157, Key:crx, Value:7
Index:158, Key:zfvh, Value:1
Index:159, Key:mr, Value:8
Index:160, Key:lt, Value:9
Index:161, Key:zpg, Value:4
Index:166, Key:vsm, Value:6
Index:166, Key:zzr, Value:9, Bucket:0
Index:168, Key:bzl, Value:3
Index:171, Key:mqm, Value:5
Index:172, Key:qk, Value:1
Index:173, Key:lrkpd, Value:5
Index:174, Key:qzknxr, Value:8
Index:175, Key:tcnz, Value:9
Index:176, Key:mmf, Value:7
Index:179, Key:mnsrc, Value:2
Index:180, Key:jj, Value:2
Index:180, Key:vtbh, Value:3, Bucket:0
Index:185, Key:fcp, Value:5
Index:186, Key:skvv, Value:9
Index:186, Key:dv, Value:5, Bucket:0
Index:188, Key:fpf, Value:8
Index:189, Key:ql, Value:2
Index:192, Key:nr, Value:1
Index:192, Key:mtlqr, Value:4, Bucket:0
Index:195, Key:xsx, Value:1
Index:196, Key:hdx, Value:6
Index:196, Key:jz, Value:6, Bucket:0
Index:198, Key:ffz, Value:9
Index:199, Key:kzr, Value:2
Index:200, Key:hpp, Value:9
Index:201, Key:jgpbjl, Value:9
Index:204, Key:cvs, Value:9
Index:207, Key:bgf, Value:5
Index:208, Key:kclf, Value:8
Index:209, Key:nlg, Value:1
Index:219, Key:kjsc, Value:2
Index:221, Key:lmhl, Value:9
Index:221, Key:sj, Value:3, Bucket:0
Index:223, Key:bckgx, Value:3
Index:223, Key:qhv, Value:9, Bucket:0
Index:226, Key:qfk, Value:4
Index:226, Key:hxhgfm, Value:8, Bucket:0
Index:227, Key:mv, Value:3
Index:228, Key:mg, Value:8
Index:229, Key:cmkz, Value:1
Index:229, Key:gvx, Value:7, Bucket:0
Index:231, Key:hsl, Value:6
Index:232, Key:hrn, Value:9
Index:234, Key:hb, Value:8
Index:235, Key:gd, Value:6
Index:236, Key:frt, Value:4
Index:238, Key:sk, Value:6
Index:247, Key:qjfv, Value:6
Index:250, Key:nff, Value:1
Index:250, Key:hr, Value:5, Bucket:0
Index:250, Key:vbtn, Value:1, Bucket:1
Index:254, Key:tj, Value:4
Index:255, Key:kvn, Value:7
-------------------

Result: 0

Hash Table
-------------------
Index:0, Key:rn, Value:6
Index:3, Key:zdgxv, Value:1
Index:5, Key:ng, Value:8
Index:7, Key:lk, Value:4
Index:8, Key:smx, Value:8
Index:8, Key:zn, Value:1, Bucket:0
Index:10, Key:xr, Value:8
Index:11, Key:hqr, Value:8
Index:13, Key:kjh, Value:2
Index:14, Key:fh, Value:9
Index:15, Key:rxgqm, Value:7
Index:16, Key:rhv, Value:7
Index:16, Key:sm, Value:1, Bucket:0
Index:17, Key:cn, Value:2
Index:21, Key:nhgx, Value:1
Index:21, Key:dpq, Value:3, Bucket:0
Index:22, Key:mml, Value:9
Index:26, Key:nnfx, Value:5
Index:26, Key:bph, Value:2, Bucket:0
Index:26, Key:jp, Value:7, Bucket:1
Index:27, Key:hrq, Value:7
Index:27, Key:pqxvth, Value:5, Bucket:0
Index:28, Key:skpfx, Value:1
Index:30, Key:vh, Value:9
Index:31, Key:vcf, Value:9
Index:31, Key:rzc, Value:9, Bucket:0
Index:33, Key:pmd, Value:1
Index:34, Key:rp, Value:6
Index:36, Key:xpzb, Value:1
Index:36, Key:mmrh, Value:6, Bucket:0
Index:36, Key:ccxhn, Value:4, Bucket:1
Index:37, Key:txfc, Value:1
Index:37, Key:ztg, Value:6, Bucket:0
Index:39, Key:nkpn, Value:4
Index:39, Key:xpkrr, Value:4, Bucket:0
Index:40, Key:mk, Value:1
Index:43, Key:fhm, Value:9
Index:44, Key:slm, Value:9
Index:46, Key:hf, Value:3
Index:49, Key:xmdx, Value:1
Index:50, Key:lxqm, Value:3
Index:56, Key:nj, Value:2
Index:56, Key:zck, Value:5, Bucket:0
Index:57, Key:mslsj, Value:3
Index:59, Key:zq, Value:1
Index:60, Key:cnk, Value:4
Index:60, Key:knc, Value:7, Bucket:0
Index:62, Key:hv, Value:3
Index:62, Key:fvb, Value:6, Bucket:0
Index:64, Key:cbmn, Value:4
Index:68, Key:rr, Value:9
Index:69, Key:qt, Value:9
Index:72, Key:nz, Value:7
Index:77, Key:gznpjd, Value:1
Index:78, Key:ptgkh, Value:2
Index:78, Key:rpff, Value:4, Bucket:0
Index:79, Key:xg, Value:1
Index:81, Key:qnb, Value:9
Index:82, Key:hdhfph, Value:7
Index:82, Key:gqj, Value:9, Bucket:0
Index:85, Key:jhs, Value:8
Index:89, Key:csc, Value:4
Index:90, Key:nl, Value:5
Index:90, Key:vhfqbc, Value:5, Bucket:0
Index:92, Key:hzcg, Value:1
Index:96, Key:xh, Value:3
Index:103, Key:cd, Value:1
Index:103, Key:bxfqv, Value:6, Bucket:0
Index:105, Key:nxhk, Value:7
Index:105, Key:qgq, Value:3, Bucket:0
Index:110, Key:nhx, Value:6
Index:110, Key:jbb, Value:4, Bucket:0
Index:112, Key:jnx, Value:9
Index:114, Key:ldbtl, Value:5
Index:114, Key:hj, Value:7, Bucket:0
Index:115, Key:ppc, Value:8
Index:115, Key:vsj, Value:1, Bucket:0
Index:115, Key:fszljz, Value:4, Bucket:1
Index:116, Key:rjx, Value:1
Index:117, Key:tq, Value:2
Index:118, Key:tb, Value:9
Index:119, Key:ct, Value:4
Index:119, Key:sd, Value:1, Bucket:0
Index:125, Key:mp, Value:1
Index:132, Key:grk, Value:8
Index:134, Key:cxk, Value:1
Index:135, Key:tc, Value:5
Index:135, Key:st, Value:1, Bucket:0
Index:137, Key:xrgx, Value:9
Index:137, Key:cf, Value:3, Bucket:0
Index:138, Key:ktk, Value:7
Index:138, Key:jvj, Value:9, Bucket:0
Index:138, Key:fxbj, Value:8, Bucket:1
Index:144, Key:ld, Value:1
Index:145, Key:zg, Value:4
Index:145, Key:psn, Value:6, Bucket:0
Index:147, Key:kll, Value:6
Index:148, Key:hl, Value:8
Index:149, Key:mfr, Value:4
Index:154, Key:xjx, Value:8
Index:157, Key:crx, Value:7
Index:158, Key:zfvh, Value:1
Index:159, Key:mr, Value:8
Index:160, Key:lt, Value:9
Index:161, Key:zpg, Value:4
Index:166, Key:vsm, Value:6
Index:166, Key:zzr, Value:9, Bucket:0
Index:168, Key:bzl, Value:3
Index:171, Key:mqm, Value:5
Index:172, Key:qk, Value:1
Index:173, Key:lrkpd, Value:5
Index:174, Key:qzknxr, Value:8
Index:175, Key:tcnz, Value:9
Index:176, Key:mmf, Value:7
Index:179, Key:mnsrc, Value:2
Index:180, Key:jj, Value:2
Index:180, Key:vtbh, Value:3, Bucket:0
Index:185, Key:fcp, Value:5
Index:186, Key:skvv, Value:9
Index:186, Key:dv, Value:5, Bucket:0
Index:188, Key:fpf, Value:8
Index:189, Key:ql, Value:2
Index:192, Key:nr, Value:1
Index:192, Key:mtlqr, Value:4, Bucket:0
Index:195, Key:xsx, Value:1
Index:196, Key:hdx, Value:6
Index:196, Key:jz, Value:6, Bucket:0
Index:198, Key:ffz, Value:9
Index:199, Key:kzr, Value:2
Index:200, Key:hpp, Value:9
Index:201, Key:jgpbjl, Value:9
Index:204, Key:cvs, Value:9
Index:207, Key:bgf, Value:5
Index:208, Key:kclf, Value:8
Index:209, Key:nlg, Value:1
Index:219, Key:kjsc, Value:2
Index:221, Key:lmhl, Value:9
Index:221, Key:sj, Value:3, Bucket:0
Index:223, Key:bckgx, Value:3
Index:223, Key:qhv, Value:9, Bucket:0
Index:226, Key:qfk, Value:4
Index:226, Key:hxhgfm, Value:8, Bucket:0
Index:227, Key:mv, Value:3
Index:228, Key:mg, Value:8
Index:229, Key:cmkz, Value:1
Index:229, Key:gvx, Value:7, Bucket:0
Index:231, Key:hsl, Value:6
Index:232, Key:hrn, Value:9
Index:234, Key:hb, Value:8
Index:235, Key:gd, Value:6
Index:236, Key:frt, Value:4
Index:238, Key:sk, Value:6
Index:247, Key:qjfv, Value:6
Index:250, Key:nff, Value:1
Index:250, Key:hr, Value:5, Bucket:0
Index:250, Key:vbtn, Value:1, Bucket:1
Index:254, Key:tj, Value:4
Index:255, Key:kvn, Value:7
-------------------

Result: 123749
