
[MAP SEEDS]
79 93 55 68 
-1 -1 -1 -1 


[MAP SEEDS]
79 93 55 68 
81 95 57 70 


[TRANSFER SEEDS]
81 95 57 70 
-1 -1 -1 -1 


[MAP SEEDS]
81 95 57 70 
-1 -1 -1 -1 


[MAP SEEDS]
81 95 57 70 
-1 -1 -1 -1 


[MAP SEEDS]
81 95 57 70 
-1 -1 -1 -1 


[TRANSFER SEEDS]
81 95 57 70 
-1 -1 -1 -1 


[MAP SEEDS]
81 95 61 70 
-1 -1 -1 -1 53 56 


[MAP SEEDS]
81 95 61 70 
-1 -1 -1 -1 53 56 


[MAP SEEDS]
81 95 61 70 
-1 -1 -1 -1 53 56 


[MAP SEEDS]
81 95 61 70 
-1 -1 -1 -1 53 56 


[TRANSFER SEEDS]
81 95 61 70 53 56 
-1 -1 -1 -1 -1 -1 


[MAP SEEDS]
81 95 61 70 53 56 
-1 -1 -1 -1 -1 -1 


[MAP SEEDS]
95 95 61 70 53 56 
-1 -1 54 63 46 49 74 87 


[TRANSFER SEEDS]
95 95 54 63 46 49 74 87 
-1 -1 -1 -1 -1 -1 -1 -1 


[MAP SEEDS]
95 95 54 63 46 49 74 76 
63 63 -1 -1 -1 -1 -1 -1 45 55 


[MAP SEEDS]
95 95 54 63 46 49 74 76 
63 63 90 99 82 85 -1 -1 45 55 


[MAP SEEDS]
95 95 54 63 46 49 74 76 
63 63 90 99 82 85 78 80 45 55 


[TRANSFER SEEDS]
63 63 90 99 82 85 78 80 45 55 
-1 -1 -1 -1 -1 -1 -1 -1 -1 -1 


[MAP SEEDS]
63 63 90 99 82 85 78 80 45 55 
-1 -1 -1 -1 -1 -1 -1 -1 -1 -1 


[MAP SEEDS]
63 63 90 99 82 85 78 80 45 55 
64 64 -1 -1 -1 -1 -1 -1 46 56 


[TRANSFER SEEDS]
64 64 90 99 82 85 78 80 46 56 
-1 -1 -1 -1 -1 -1 -1 -1 -1 -1 


[MAP SEEDS]
64 64 93 99 82 85 78 80 46 55 
68 68 -1 -1 86 89 82 84 -1 -1 94 96 60 60 


[MAP SEEDS]
64 64 97 99 82 85 78 80 46 55 
68 68 -1 -1 86 89 82 84 -1 -1 94 96 60 60 56 59 


[TRANSFER SEEDS]
68 68 97 99 86 89 82 84 46 55 94 96 60 60 56 59 
-1 -1 -1 -1 -1 -1 -1 -1 -1 -1 -1 -1 -1 -1 -1 -1 


Result: 46
